<?xml version="1.0" encoding="UTF-8"?>
<!-- Generated by org.testng.reporters.JUnitXMLReporter -->
<testsuite hostname="DESKTOP-KUVK3PK" ignored="1" name="ModuleOneTest(failed)" tests="1" failures="1" timestamp="2023-02-27T19:01:27 IST" time="28.453" errors="0">
  <testcase name="seleniumSearchTest" time="27.894" classname="testngScripts.SampleOneTest">
    <failure type="java.lang.AssertionError" message="expected [Selenium Tutorial - Google Search Page] but found [Selenium Tutorial - Google Search]">
      <![CDATA[java.lang.AssertionError: expected [Selenium Tutorial - Google Search Page] but found [Selenium Tutorial - Google Search]
at testngScripts.SampleOneTest.seleniumSearchTest(SampleOneTest.java:32)
at java.util.ArrayList.forEach(ArrayList.java:1259)
... Removed 33 stack frames]]>
    </failure>
  </testcase> <!-- seleniumSearchTest -->
  <testcase name="javaSearchTest" time="0.0" classname="testngScripts.SampleOneTest">
    <ignored/>
  </testcase> <!-- javaSearchTest -->
</testsuite> <!-- ModuleOneTest(failed) -->
